
-------------------------------------------------------------------------------
   ROBOCOPY     ::     Robust File Copy for Windows                              
-------------------------------------------------------------------------------

  Started : Thursday, October 22, 2020 11:05:23 PM
   Source : C:\Rip\Leawo\move\
     Dest : M:\kids\KidMovies\

    Files : *G.mp4
	    
Exc Files : Thumbs.db
	    
  Options : /FFT /TEE /S /DCOPY:D /COPY:DT /NP /R:1000000 /W:30 

------------------------------------------------------------------------------

	                   8	C:\Rip\Leawo\move\
	*EXTRA Dir        -1	M:\kids\KidMovies\ABCs\
	*EXTRA Dir        -1	M:\kids\KidMovies\Bill Nye The Science Guy\
	*EXTRA Dir        -1	M:\kids\KidMovies\BRAVE\
	*EXTRA Dir        -1	M:\kids\KidMovies\Dr Suess\
	*EXTRA Dir        -1	M:\kids\KidMovies\Fantasia\
	*EXTRA Dir        -1	M:\kids\KidMovies\HAPPY_FEET\
	*EXTRA Dir        -1	M:\kids\KidMovies\Incoming\
	*EXTRA Dir        -1	M:\kids\KidMovies\My Baby Can Read\
	*EXTRA Dir        -1	M:\kids\KidMovies\Numbers\
	*EXTRA Dir        -1	M:\kids\KidMovies\Plex Versions\
	*EXTRA Dir        -1	M:\kids\KidMovies\Pocoyo\
	*EXTRA Dir        -1	M:\kids\KidMovies\Prima Princessa\
	*EXTRA Dir        -1	M:\kids\KidMovies\Rents\
	*EXTRA Dir        -1	M:\kids\KidMovies\Squibs\
	*EXTRA Dir        -1	M:\kids\KidMovies\TempBox\
	  *EXTRA File 		   1.2 g	101 Dalmatians [1961].mp4
	  *EXTRA File 		   3.4 g	Cars 3 [2017] (HD).mp4
	  *EXTRA File 		   3.7 g	Chitty Chitty Bang Bang.mp4
	  *EXTRA File 		 406.8 m	Despicable Me - Minion Madness [2010] PG.mp4
	  *EXTRA File 		   5.1 g	Flushed Away [2006] - PG.mp4
	  *EXTRA File 		   3.4 g	Frozen II [2019] (HD) -PG.mp4
	  *EXTRA File 		   3.3 g	Hocus Pocus [1993] (HD).mp4
	  *EXTRA File 		   2.9 g	Kung Fu Panda 2 [2011] (HD).mp4
	  *EXTRA File 		   3.6 g	Monsters Vs Aliens [2009].mp4
	  *EXTRA File 		   1.2 g	Tarzan [1999] - Disney Edition.mp4
	  *EXTRA File 		   1.3 g	The Lion King.mp4
	  *EXTRA File 		   2.7 g	Thunder and the House of Magic [2013] (HD).mp4
	  *EXTRA File 		   2.3 g	Toby McTeague [1986].mp4
	  *EXTRA File 		   5.6 g	Trolls World Tour [2020] - PG.mp4
	  *EXTRA File 		 505.5 m	Winnie The Pooh [2011].mp4
	    New File  		 490.3 m	Frozen Fever [2015] - G.mp4
	    New File  		 376.2 m	Piper [2016] - G.mp4
	    New File  		   6.0 m	Putt-Putt Saves the Zoo - The Zoo Song - G.mp4
	    New File  		   5.3 g	Quest for Camelot [1998] -G.mp4
	    New File  		   6.0 g	Rio [2011] - G.mp4
	    New File  		   2.1 g	Signing Time! Nursery Rhymes [2017] - G.mp4
	    New File  		   6.2 g	Strange Magic [2015] (Theatrical) - PG.mp4
	    New File  		  55.1 m	Ylvis - The Fox (What Does The Fox Say) [Official music video HD] - G.mp4

------------------------------------------------------------------------------

               Total    Copied   Skipped  Mismatch    FAILED    Extras
    Dirs :         1         0         1         0         0        15
   Files :         8         8         0         0         0        15
   Bytes :  20.755 g  20.755 g         0         0         0  41.231 g
   Times :   0:21:41   0:21:41                       0:00:00   0:00:00


   Speed :            17126645 Bytes/sec.
   Speed :             979.994 MegaBytes/min.
   Ended : Thursday, October 22, 2020 11:27:04 PM

